\BOOKMARK [1][-]{Doc-Start}{Preface}{}% 1
\BOOKMARK [1][-]{section*.1}{Acknowledgment}{}% 2
\BOOKMARK [1][-]{section*.2}{Summary and Conclusions}{}% 3
\BOOKMARK [0][-]{chapter.1}{Introduction}{}% 4
\BOOKMARK [0][-]{chapter.2}{Theory}{}% 5
\BOOKMARK [1][-]{section.2.1}{Electron Microscopy}{chapter.2}% 6
\BOOKMARK [2][-]{subsection.2.1.1}{Electron-sample interaction}{section.2.1}% 7
\BOOKMARK [2][-]{subsection.2.1.2}{Transmission Electron Microscopy \(TEM\)}{section.2.1}% 8
\BOOKMARK [2][-]{subsection.2.1.3}{Scanning Transmission Electron Microscopy \(STEM\)}{section.2.1}% 9
\BOOKMARK [1][-]{section.2.2}{X-ray spectroscopy}{chapter.2}% 10
\BOOKMARK [2][-]{subsection.2.2.1}{Energy-Dispersive X-Ray Spectroscopy \(EDS\)}{section.2.2}% 11
\BOOKMARK [2][-]{subsection.2.2.2}{Quantitative X-ray Analysis}{section.2.2}% 12
\BOOKMARK [1][-]{section.2.3}{Electron diffraction}{chapter.2}% 13
\BOOKMARK [2][-]{subsection.2.3.1}{Diffraction theory}{section.2.3}% 14
\BOOKMARK [2][-]{subsection.2.3.2}{Electron diffraction in STEM}{section.2.3}% 15
\BOOKMARK [2][-]{subsection.2.3.3}{Scanning Precession Electron Diffraction \(SPED\)}{section.2.3}% 16
\BOOKMARK [1][-]{section.2.4}{Data analysis}{chapter.2}% 17
\BOOKMARK [2][-]{subsection.2.4.1}{\(Introduction\)}{section.2.4}% 18
\BOOKMARK [2][-]{subsection.2.4.2}{Template matching}{section.2.4}% 19
\BOOKMARK [2][-]{subsection.2.4.3}{Re-binning and rotating multidimensional data}{section.2.4}% 20
\BOOKMARK [0][-]{chapter.3}{Experimental}{}% 21
\BOOKMARK [1][-]{section.3.1}{Equipment}{chapter.3}% 22
\BOOKMARK [1][-]{section.3.2}{Material}{chapter.3}% 23
\BOOKMARK [1][-]{section.3.3}{Dataset matching}{chapter.3}% 24
\BOOKMARK [1][-]{section.3.4}{Quantitative analysis}{chapter.3}% 25
\BOOKMARK [0][-]{chapter.4}{Results}{}% 26
\BOOKMARK [1][-]{section.4.1}{Dataset matching}{chapter.4}% 27
\BOOKMARK [1][-]{section.4.2}{Determination of -values}{chapter.4}% 28
\BOOKMARK [1][-]{section.4.3}{Quantification}{chapter.4}% 29
\BOOKMARK [0][-]{appendix.A}{Acronyms}{}% 30
\BOOKMARK [0][-]{appendix.B}{Additional Information}{}% 31
\BOOKMARK [1][-]{section.B.1}{Introduction}{appendix.B}% 32
\BOOKMARK [2][-]{subsection.B.1.1}{More Details}{section.B.1}% 33
