This is pdfTeX, Version 3.14159265-2.6-1.40.17 (MiKTeX 2.9.6100 64-bit) (preloaded format=pdflatex 2016.12.1)  10 DEC 2016 21:34
entering extended mode
**./thesis.tex
(thesis.tex
LaTeX2e <2016/03/31> patch level 3
Babel <3.9r> and hyphenation patterns for 75 language(s) loaded.
("C:\Program Files\MiKTeX 2.9\tex\latex\base\report.cls"
Document Class: report 2014/09/29 v1.4h Standard LaTeX document class
("C:\Program Files\MiKTeX 2.9\tex\latex\base\size12.clo"
File: size12.clo 2014/09/29 v1.4h Standard LaTeX file (size option)
)
\c@part=\count79
\c@chapter=\count80
\c@section=\count81
\c@subsection=\count82
\c@subsubsection=\count83
\c@paragraph=\count84
\c@subparagraph=\count85
\c@figure=\count86
\c@table=\count87
\abovecaptionskip=\skip41
\belowcaptionskip=\skip42
\bibindent=\dimen102
)
("C:\Program Files\MiKTeX 2.9\tex\latex\base\fontenc.sty"
Package: fontenc 2016/06/19 v1.99m Standard LaTeX package

("C:\Program Files\MiKTeX 2.9\tex\latex\base\t1enc.def"
File: t1enc.def 2016/06/19 v1.99m Standard LaTeX file
LaTeX Font Info:    Redeclaring font encoding T1 on input line 48.
))
("C:\Program Files\MiKTeX 2.9\tex\latex\graphics\graphicx.sty"
Package: graphicx 2014/10/28 v1.0g Enhanced LaTeX Graphics (DPC,SPQR)

("C:\Program Files\MiKTeX 2.9\tex\latex\graphics\keyval.sty"
Package: keyval 2014/10/28 v1.15 key=value parser (DPC)
\KV@toks@=\toks14
)
("C:\Program Files\MiKTeX 2.9\tex\latex\graphics\graphics.sty"
Package: graphics 2016/07/10 v1.0t Standard LaTeX Graphics (DPC,SPQR)

("C:\Program Files\MiKTeX 2.9\tex\latex\graphics\trig.sty"
Package: trig 2016/01/03 v1.10 sin cos tan (DPC)
)
("C:\Program Files\MiKTeX 2.9\tex\latex\graphics-cfg\graphics.cfg"
File: graphics.cfg 2016/06/04 v1.11 sample graphics configuration
)
Package graphics Info: Driver file: pdftex.def on input line 99.

("C:\Program Files\MiKTeX 2.9\tex\latex\graphics-def\pdftex.def"
File: pdftex.def 2016/07/10 v0.06j Graphics/color for pdfTeX

("C:\Program Files\MiKTeX 2.9\tex\generic\oberdiek\infwarerr.sty"
Package: infwarerr 2016/05/16 v1.4 Providing info/warning/error messages (HO)
)
("C:\Program Files\MiKTeX 2.9\tex\generic\oberdiek\ltxcmds.sty"
Package: ltxcmds 2016/05/16 v1.23 LaTeX kernel commands for general use (HO)
)
\Gread@gobject=\count88
))
\Gin@req@height=\dimen103
\Gin@req@width=\dimen104
)
("C:\Program Files\MiKTeX 2.9\tex\latex\graphics\color.sty"
Package: color 2016/07/10 v1.1e Standard LaTeX Color (DPC)

("C:\Program Files\MiKTeX 2.9\tex\latex\graphics-cfg\color.cfg"
File: color.cfg 2016/01/02 v1.6 sample color configuration
)
Package color Info: Driver file: pdftex.def on input line 147.
)
("C:\Program Files\MiKTeX 2.9\tex\latex\oberdiek\transparent.sty"
Package: transparent 2016/05/16 v1.1 Transparency via pdfTeX's color stack (HO)


("C:\Program Files\MiKTeX 2.9\tex\generic\oberdiek\ifpdf.sty"
Package: ifpdf 2016/05/14 v3.1 Provides the ifpdf switch
)
("C:\Program Files\MiKTeX 2.9\tex\latex\oberdiek\auxhook.sty"
Package: auxhook 2016/05/16 v1.4 Hooks for auxiliary files (HO)
))
(C:\Users\Johannes\AppData\Roaming\MiKTeX\2.9\tex\latex\booktabs\booktabs.sty
Package: booktabs 2005/04/14 v1.61803 publication quality tables
\heavyrulewidth=\dimen105
\lightrulewidth=\dimen106
\cmidrulewidth=\dimen107
\belowrulesep=\dimen108
\belowbottomsep=\dimen109
\aboverulesep=\dimen110
\abovetopsep=\dimen111
\cmidrulesep=\dimen112
\cmidrulekern=\dimen113
\defaultaddspace=\dimen114
\@cmidla=\count89
\@cmidlb=\count90
\@aboverulesep=\dimen115
\@belowrulesep=\dimen116
\@thisruleclass=\count91
\@lastruleclass=\count92
\@thisrulewidth=\dimen117
)
("C:\Program Files\MiKTeX 2.9\tex\latex\amsmath\amsmath.sty"
Package: amsmath 2016/06/28 v2.15d AMS math features
\@mathmargin=\skip43

For additional information on amsmath, use the `?' option.
("C:\Program Files\MiKTeX 2.9\tex\latex\amsmath\amstext.sty"
Package: amstext 2000/06/29 v2.01 AMS text

("C:\Program Files\MiKTeX 2.9\tex\latex\amsmath\amsgen.sty"
File: amsgen.sty 1999/11/30 v2.0 generic functions
\@emptytoks=\toks15
\ex@=\dimen118
))
("C:\Program Files\MiKTeX 2.9\tex\latex\amsmath\amsbsy.sty"
Package: amsbsy 1999/11/29 v1.2d Bold Symbols
\pmbraise@=\dimen119
)
("C:\Program Files\MiKTeX 2.9\tex\latex\amsmath\amsopn.sty"
Package: amsopn 2016/03/08 v2.02 operator names
)
\inf@bad=\count93
LaTeX Info: Redefining \frac on input line 199.
\uproot@=\count94
\leftroot@=\count95
LaTeX Info: Redefining \overline on input line 297.
\classnum@=\count96
\DOTSCASE@=\count97
LaTeX Info: Redefining \ldots on input line 394.
LaTeX Info: Redefining \dots on input line 397.
LaTeX Info: Redefining \cdots on input line 518.
\Mathstrutbox@=\box26
\strutbox@=\box27
\big@size=\dimen120
LaTeX Font Info:    Redeclaring font encoding OML on input line 634.
LaTeX Font Info:    Redeclaring font encoding OMS on input line 635.
\macc@depth=\count98
\c@MaxMatrixCols=\count99
\dotsspace@=\muskip10
\c@parentequation=\count100
\dspbrk@lvl=\count101
\tag@help=\toks16
\row@=\count102
\column@=\count103
\maxfields@=\count104
\andhelp@=\toks17
\eqnshift@=\dimen121
\alignsep@=\dimen122
\tagshift@=\dimen123
\tagwidth@=\dimen124
\totwidth@=\dimen125
\lineht@=\dimen126
\@envbody=\toks18
\multlinegap=\skip44
\multlinetaggap=\skip45
\mathdisplay@stack=\toks19
LaTeX Info: Redefining \[ on input line 2739.
LaTeX Info: Redefining \] on input line 2740.
)
("C:\Program Files\MiKTeX 2.9\tex\latex\amsfonts\amssymb.sty"
Package: amssymb 2013/01/14 v3.01 AMS font symbols

("C:\Program Files\MiKTeX 2.9\tex\latex\amsfonts\amsfonts.sty"
Package: amsfonts 2013/01/14 v3.01 Basic AMSFonts support
\symAMSa=\mathgroup4
\symAMSb=\mathgroup5
LaTeX Font Info:    Overwriting math alphabet `\mathfrak' in version `bold'
(Font)                  U/euf/m/n --> U/euf/b/n on input line 106.
))
("C:\Program Files\MiKTeX 2.9\tex\latex\base\textcomp.sty"
Package: textcomp 2016/06/19 v1.99m Standard LaTeX package
Package textcomp Info: Sub-encoding information:
(textcomp)               5 = only ISO-Adobe without \textcurrency
(textcomp)               4 = 5 + \texteuro
(textcomp)               3 = 4 + \textohm
(textcomp)               2 = 3 + \textestimated + \textcurrency
(textcomp)               1 = TS1 - \textcircled - \t
(textcomp)               0 = TS1 (full)
(textcomp)             Font families with sub-encoding setting implement
(textcomp)             only a restricted character set as indicated.
(textcomp)             Family '?' is the default used for unknown fonts.
(textcomp)             See the documentation for details.
Package textcomp Info: Setting ? sub-encoding to TS1/1 on input line 79.

("C:\Program Files\MiKTeX 2.9\tex\latex\base\ts1enc.def"
File: ts1enc.def 2001/06/05 v3.0e (jk/car/fm) Standard LaTeX file
)
LaTeX Info: Redefining \oldstylenums on input line 334.
Package textcomp Info: Setting cmr sub-encoding to TS1/0 on input line 349.
Package textcomp Info: Setting cmss sub-encoding to TS1/0 on input line 350.
Package textcomp Info: Setting cmtt sub-encoding to TS1/0 on input line 351.
Package textcomp Info: Setting cmvtt sub-encoding to TS1/0 on input line 352.
Package textcomp Info: Setting cmbr sub-encoding to TS1/0 on input line 353.
Package textcomp Info: Setting cmtl sub-encoding to TS1/0 on input line 354.
Package textcomp Info: Setting ccr sub-encoding to TS1/0 on input line 355.
Package textcomp Info: Setting ptm sub-encoding to TS1/4 on input line 356.
Package textcomp Info: Setting pcr sub-encoding to TS1/4 on input line 357.
Package textcomp Info: Setting phv sub-encoding to TS1/4 on input line 358.
Package textcomp Info: Setting ppl sub-encoding to TS1/3 on input line 359.
Package textcomp Info: Setting pag sub-encoding to TS1/4 on input line 360.
Package textcomp Info: Setting pbk sub-encoding to TS1/4 on input line 361.
Package textcomp Info: Setting pnc sub-encoding to TS1/4 on input line 362.
Package textcomp Info: Setting pzc sub-encoding to TS1/4 on input line 363.
Package textcomp Info: Setting bch sub-encoding to TS1/4 on input line 364.
Package textcomp Info: Setting put sub-encoding to TS1/5 on input line 365.
Package textcomp Info: Setting uag sub-encoding to TS1/5 on input line 366.
Package textcomp Info: Setting ugq sub-encoding to TS1/5 on input line 367.
Package textcomp Info: Setting ul8 sub-encoding to TS1/4 on input line 368.
Package textcomp Info: Setting ul9 sub-encoding to TS1/4 on input line 369.
Package textcomp Info: Setting augie sub-encoding to TS1/5 on input line 370.
Package textcomp Info: Setting dayrom sub-encoding to TS1/3 on input line 371.
Package textcomp Info: Setting dayroms sub-encoding to TS1/3 on input line 372.

Package textcomp Info: Setting pxr sub-encoding to TS1/0 on input line 373.
Package textcomp Info: Setting pxss sub-encoding to TS1/0 on input line 374.
Package textcomp Info: Setting pxtt sub-encoding to TS1/0 on input line 375.
Package textcomp Info: Setting txr sub-encoding to TS1/0 on input line 376.
Package textcomp Info: Setting txss sub-encoding to TS1/0 on input line 377.
Package textcomp Info: Setting txtt sub-encoding to TS1/0 on input line 378.
Package textcomp Info: Setting lmr sub-encoding to TS1/0 on input line 379.
Package textcomp Info: Setting lmdh sub-encoding to TS1/0 on input line 380.
Package textcomp Info: Setting lmss sub-encoding to TS1/0 on input line 381.
Package textcomp Info: Setting lmssq sub-encoding to TS1/0 on input line 382.
Package textcomp Info: Setting lmvtt sub-encoding to TS1/0 on input line 383.
Package textcomp Info: Setting lmtt sub-encoding to TS1/0 on input line 384.
Package textcomp Info: Setting qhv sub-encoding to TS1/0 on input line 385.
Package textcomp Info: Setting qag sub-encoding to TS1/0 on input line 386.
Package textcomp Info: Setting qbk sub-encoding to TS1/0 on input line 387.
Package textcomp Info: Setting qcr sub-encoding to TS1/0 on input line 388.
Package textcomp Info: Setting qcs sub-encoding to TS1/0 on input line 389.
Package textcomp Info: Setting qpl sub-encoding to TS1/0 on input line 390.
Package textcomp Info: Setting qtm sub-encoding to TS1/0 on input line 391.
Package textcomp Info: Setting qzc sub-encoding to TS1/0 on input line 392.
Package textcomp Info: Setting qhvc sub-encoding to TS1/0 on input line 393.
Package textcomp Info: Setting futs sub-encoding to TS1/4 on input line 394.
Package textcomp Info: Setting futx sub-encoding to TS1/4 on input line 395.
Package textcomp Info: Setting futj sub-encoding to TS1/4 on input line 396.
Package textcomp Info: Setting hlh sub-encoding to TS1/3 on input line 397.
Package textcomp Info: Setting hls sub-encoding to TS1/3 on input line 398.
Package textcomp Info: Setting hlst sub-encoding to TS1/3 on input line 399.
Package textcomp Info: Setting hlct sub-encoding to TS1/5 on input line 400.
Package textcomp Info: Setting hlx sub-encoding to TS1/5 on input line 401.
Package textcomp Info: Setting hlce sub-encoding to TS1/5 on input line 402.
Package textcomp Info: Setting hlcn sub-encoding to TS1/5 on input line 403.
Package textcomp Info: Setting hlcw sub-encoding to TS1/5 on input line 404.
Package textcomp Info: Setting hlcf sub-encoding to TS1/5 on input line 405.
Package textcomp Info: Setting pplx sub-encoding to TS1/3 on input line 406.
Package textcomp Info: Setting pplj sub-encoding to TS1/3 on input line 407.
Package textcomp Info: Setting ptmx sub-encoding to TS1/4 on input line 408.
Package textcomp Info: Setting ptmj sub-encoding to TS1/4 on input line 409.
)
("C:\Program Files\MiKTeX 2.9\tex\latex\hyperref\hyperref.sty"
Package: hyperref 2016/06/24 v6.83q Hypertext links for LaTeX

("C:\Program Files\MiKTeX 2.9\tex\generic\oberdiek\hobsub-hyperref.sty"
Package: hobsub-hyperref 2016/05/16 v1.14 Bundle oberdiek, subset hyperref (HO)


("C:\Program Files\MiKTeX 2.9\tex\generic\oberdiek\hobsub-generic.sty"
Package: hobsub-generic 2016/05/16 v1.14 Bundle oberdiek, subset generic (HO)
Package: hobsub 2016/05/16 v1.14 Construct package bundles (HO)
Package hobsub Info: Skipping package `infwarerr' (already loaded).
Package hobsub Info: Skipping package `ltxcmds' (already loaded).
Package: ifluatex 2016/05/16 v1.4 Provides the ifluatex switch (HO)
Package ifluatex Info: LuaTeX not detected.
Package: ifvtex 2016/05/16 v1.6 Detect VTeX and its facilities (HO)
Package ifvtex Info: VTeX not detected.
Package: intcalc 2016/05/16 v1.2 Expandable calculations with integers (HO)
Package hobsub Info: Skipping package `ifpdf' (already loaded).
Package: etexcmds 2016/05/16 v1.6 Avoid name clashes with e-TeX commands (HO)
Package etexcmds Info: Could not find \expanded.
(etexcmds)             That can mean that you are not using pdfTeX 1.50 or
(etexcmds)             that some package has redefined \expanded.
(etexcmds)             In the latter case, load this package earlier.
Package: kvsetkeys 2016/05/16 v1.17 Key value parser (HO)
Package: kvdefinekeys 2016/05/16 v1.4 Define keys (HO)
Package: pdftexcmds 2016/05/21 v0.22 Utility functions of pdfTeX for LuaTeX (HO
)
Package pdftexcmds Info: LuaTeX not detected.
Package pdftexcmds Info: \pdf@primitive is available.
Package pdftexcmds Info: \pdf@ifprimitive is available.
Package pdftexcmds Info: \pdfdraftmode found.
Package: pdfescape 2016/05/16 v1.14 Implements pdfTeX's escape features (HO)
Package: bigintcalc 2016/05/16 v1.4 Expandable calculations on big integers (HO
)
Package: bitset 2016/05/16 v1.2 Handle bit-vector datatype (HO)
Package: uniquecounter 2016/05/16 v1.3 Provide unlimited unique counter (HO)
)
Package hobsub Info: Skipping package `hobsub' (already loaded).
Package: letltxmacro 2016/05/16 v1.5 Let assignment for LaTeX macros (HO)
Package: hopatch 2016/05/16 v1.3 Wrapper for package hooks (HO)
Package: xcolor-patch 2016/05/16 xcolor patch
Package: atveryend 2016/05/16 v1.9 Hooks at the very end of document (HO)
Package atveryend Info: \enddocument detected (standard20110627).
Package: atbegshi 2016/06/09 v1.18 At begin shipout hook (HO)
Package: refcount 2016/05/16 v3.5 Data extraction from label references (HO)
Package: hycolor 2016/05/16 v1.8 Color options for hyperref/bookmark (HO)
)
("C:\Program Files\MiKTeX 2.9\tex\generic\ifxetex\ifxetex.sty"
Package: ifxetex 2010/09/12 v0.6 Provides ifxetex conditional
)
("C:\Program Files\MiKTeX 2.9\tex\latex\oberdiek\kvoptions.sty"
Package: kvoptions 2016/05/16 v3.12 Key value format for package options (HO)
)
\@linkdim=\dimen127
\Hy@linkcounter=\count105
\Hy@pagecounter=\count106

("C:\Program Files\MiKTeX 2.9\tex\latex\hyperref\pd1enc.def"
File: pd1enc.def 2016/06/24 v6.83q Hyperref: PDFDocEncoding definition (HO)
)
\Hy@SavedSpaceFactor=\count107

("C:\Program Files\MiKTeX 2.9\tex\latex\00miktex\hyperref.cfg"
File: hyperref.cfg 2002/06/06 v1.2 hyperref configuration of TeXLive
)
Package hyperref Info: Hyper figures OFF on input line 4486.
Package hyperref Info: Link nesting OFF on input line 4491.
Package hyperref Info: Hyper index ON on input line 4494.
Package hyperref Info: Plain pages OFF on input line 4501.
Package hyperref Info: Backreferencing OFF on input line 4506.
Package hyperref Info: Implicit mode ON; LaTeX internals redefined.
Package hyperref Info: Bookmarks ON on input line 4735.
\c@Hy@tempcnt=\count108

(C:\Users\Johannes\AppData\Roaming\MiKTeX\2.9\tex\latex\url\url.sty
\Urlmuskip=\muskip11
Package: url 2013/09/16  ver 3.4  Verb mode for urls, etc.
)
LaTeX Info: Redefining \url on input line 5088.
\XeTeXLinkMargin=\dimen128
\Fld@menulength=\count109
\Field@Width=\dimen129
\Fld@charsize=\dimen130
Package hyperref Info: Hyper figures OFF on input line 6342.
Package hyperref Info: Link nesting OFF on input line 6347.
Package hyperref Info: Hyper index ON on input line 6350.
Package hyperref Info: backreferencing OFF on input line 6357.
Package hyperref Info: Link coloring OFF on input line 6362.
Package hyperref Info: Link coloring with OCG OFF on input line 6367.
Package hyperref Info: PDF/A mode OFF on input line 6372.
LaTeX Info: Redefining \ref on input line 6412.
LaTeX Info: Redefining \pageref on input line 6416.
\Hy@abspage=\count110
\c@Item=\count111
\c@Hfootnote=\count112
)

Package hyperref Message: Driver (autodetected): hpdftex.

("C:\Program Files\MiKTeX 2.9\tex\latex\hyperref\hpdftex.def"
File: hpdftex.def 2016/06/24 v6.83q Hyperref driver for pdfTeX
\Fld@listcount=\count113
\c@bookmark@seq@number=\count114

("C:\Program Files\MiKTeX 2.9\tex\latex\oberdiek\rerunfilecheck.sty"
Package: rerunfilecheck 2016/05/16 v1.8 Rerun checks for auxiliary files (HO)
Package uniquecounter Info: New unique counter `rerunfilecheck' on input line 2
82.
)
\Hy@SectionHShift=\skip46
)
(C:\Users\Johannes\AppData\Roaming\MiKTeX\2.9\tex\latex\cleveref\cleveref.sty
Package: cleveref 2013/12/28 v0.19 Intelligent cross-referencing
Package cleveref Info: `hyperref' support loaded on input line 2230.
LaTeX Info: Redefining \cref on input line 2230.
LaTeX Info: Redefining \Cref on input line 2230.
LaTeX Info: Redefining \crefrange on input line 2230.
LaTeX Info: Redefining \Crefrange on input line 2230.
LaTeX Info: Redefining \cpageref on input line 2230.
LaTeX Info: Redefining \Cpageref on input line 2230.
LaTeX Info: Redefining \cpagerefrange on input line 2230.
LaTeX Info: Redefining \Cpagerefrange on input line 2230.
LaTeX Info: Redefining \labelcref on input line 2230.
LaTeX Info: Redefining \labelcpageref on input line 2230.
Package cleveref Info: always capitalise cross-reference names on input line 74
70.
Package cleveref Info: always capitalise cross-reference names on input line 74
93.
)
(C:\Users\Johannes\AppData\Roaming\MiKTeX\2.9\tex\latex\caption\subcaption.sty
Package: subcaption 2016/05/22 v1.1-161 Sub-captions (AR)

(C:\Users\Johannes\AppData\Roaming\MiKTeX\2.9\tex\latex\caption\caption.sty
Package: caption 2016/02/21 v3.3-144 Customizing captions (AR)

(C:\Users\Johannes\AppData\Roaming\MiKTeX\2.9\tex\latex\caption\caption3.sty
Package: caption3 2016/05/22 v1.7-166 caption3 kernel (AR)
Package caption3 Info: TeX engine: e-TeX on input line 67.
\captionmargin=\dimen131
\captionmargin@=\dimen132
\captionwidth=\dimen133
\caption@tempdima=\dimen134
\caption@indent=\dimen135
\caption@parindent=\dimen136
\caption@hangindent=\dimen137
)
\c@ContinuedFloat=\count115
Package caption Info: hyperref package is loaded.
)
\c@subfigure=\count116
\c@subtable=\count117
) (C:\Users\Johannes\AppData\Roaming\MiKTeX\2.9\tex\latex\units\nicefrac.sty
Package: nicefrac 1998/08/04 v0.9b Nice fractions
\L@UnitsRaiseDisplaystyle=\skip47
\L@UnitsRaiseTextstyle=\skip48
\L@UnitsRaiseScriptstyle=\skip49

("C:\Program Files\MiKTeX 2.9\tex\latex\base\ifthen.sty"
Package: ifthen 2014/09/29 v1.1c Standard LaTeX ifthen package (DPC)
))
(C:\Users\Johannes\AppData\Roaming\MiKTeX\2.9\tex\latex\printlen\printlen.sty
Package: printlen 2009/09/03 v1.1a print lengths with units
)
("C:\Program Files\MiKTeX 2.9\tex\latex\ltxmisc\parskip.sty"
Package: parskip 2001/04/09 non-zero parskip adjustments
)
(C:\Users\Johannes\AppData\Roaming\MiKTeX\2.9\tex\latex\siunitx\siunitx.sty
(C:\Users\Johannes\AppData\Roaming\MiKTeX\2.9\tex\latex\l3kernel\expl3.sty
Package: expl3 2016/11/21 v6760 L3 programming layer (loader) 

(C:\Users\Johannes\AppData\Roaming\MiKTeX\2.9\tex\latex\l3kernel\expl3-code.tex
Package: expl3 2016/11/21 v6760 L3 programming layer (code)
L3 Module: l3bootstrap 2016/06/13 v6596 L3 Bootstrap code
L3 Module: l3names 2016/10/13 v6722 L3 Namespace for primitives
L3 Module: l3basics 2016/09/01 v6696 L3 Basic definitions
L3 Module: l3expan 2016/08/19 v6684 L3 Argument expansion
L3 Module: l3tl 2016/08/19 v6692 L3 Token lists
L3 Module: l3str 2016/08/19 v6692 L3 Strings
L3 Module: l3seq 2016/08/19 v6685 L3 Sequences and stacks
L3 Module: l3int 2016/09/07 v6700 L3 Integers
\c_max_int=\count118
\l_tmpa_int=\count119
\l_tmpb_int=\count120
\g_tmpa_int=\count121
\g_tmpb_int=\count122
L3 Module: l3quark 2016/08/19 v6685 L3 Quarks
L3 Module: l3prg 2016/08/18 v6679 L3 Control structures
\g__prg_map_int=\count123
L3 Module: l3clist 2016/08/19 v6685 L3 Comma separated lists
L3 Module: l3token 2016/09/01 v6695 L3 Experimental token manipulation
L3 Module: l3prop 2016/08/19 v6685 L3 Property lists
L3 Module: l3msg 2016/08/19 v6691 L3 Messages
L3 Module: l3file 2016/08/19 v6685 L3 File and I/O operations
\l_iow_line_count_int=\count124
\l__iow_target_count_int=\count125
\l__iow_current_line_int=\count126
\l__iow_current_word_int=\count127
\l__iow_current_indentation_int=\count128
L3 Module: l3skip 2016/08/19 v6692 L3 Dimensions and skips
\c_zero_dim=\dimen138
\c_max_dim=\dimen139
\l_tmpa_dim=\dimen140
\l_tmpb_dim=\dimen141
\g_tmpa_dim=\dimen142
\g_tmpb_dim=\dimen143
\c_zero_skip=\skip50
\c_max_skip=\skip51
\l_tmpa_skip=\skip52
\l_tmpb_skip=\skip53
\g_tmpa_skip=\skip54
\g_tmpb_skip=\skip55
\c_zero_muskip=\muskip12
\c_max_muskip=\muskip13
\l_tmpa_muskip=\muskip14
\l_tmpb_muskip=\muskip15
\g_tmpa_muskip=\muskip16
\g_tmpb_muskip=\muskip17
L3 Module: l3keys 2016/09/21 v6711 L3 Key-value interfaces
\l_keys_choice_int=\count129
L3 Module: l3fp 2016/11/21 v6761 L3 Floating points
\c__fp_leading_shift_int=\count130
\c__fp_middle_shift_int=\count131
\c__fp_trailing_shift_int=\count132
\c__fp_big_leading_shift_int=\count133
\c__fp_big_middle_shift_int=\count134
\c__fp_big_trailing_shift_int=\count135
\c__fp_Bigg_leading_shift_int=\count136
\c__fp_Bigg_middle_shift_int=\count137
\c__fp_Bigg_trailing_shift_int=\count138
L3 Module: l3box 2016/08/19 v6685 L3 Experimental boxes
\c_empty_box=\box28
\l_tmpa_box=\box29
\l_tmpb_box=\box30
\g_tmpa_box=\box31
\g_tmpb_box=\box32
L3 Module: l3coffins 2016/08/19 v6685 L3 Coffin code layer
\l__coffin_internal_box=\box33
\l__coffin_internal_dim=\dimen144
\l__coffin_offset_x_dim=\dimen145
\l__coffin_offset_y_dim=\dimen146
\l__coffin_x_dim=\dimen147
\l__coffin_y_dim=\dimen148
\l__coffin_x_prime_dim=\dimen149
\l__coffin_y_prime_dim=\dimen150
\c_empty_coffin=\box34
\l__coffin_aligned_coffin=\box35
\l__coffin_aligned_internal_coffin=\box36
\l_tmpa_coffin=\box37
\l_tmpb_coffin=\box38
\l__coffin_display_coffin=\box39
\l__coffin_display_coord_coffin=\box40
\l__coffin_display_pole_coffin=\box41
\l__coffin_display_offset_dim=\dimen151
\l__coffin_display_x_dim=\dimen152
\l__coffin_display_y_dim=\dimen153
L3 Module: l3color 2016/06/13 v6596 L3 Experimental color support
L3 Module: l3sys 2015/09/25 v6087 L3 Experimental system/runtime functions
L3 Module: l3candidates 2016/08/19 v6688 L3 Experimental additions to l3kernel
\l__box_top_dim=\dimen154
\l__box_bottom_dim=\dimen155
\l__box_left_dim=\dimen156
\l__box_right_dim=\dimen157
\l__box_top_new_dim=\dimen158
\l__box_bottom_new_dim=\dimen159
\l__box_left_new_dim=\dimen160
\l__box_right_new_dim=\dimen161
\l__box_internal_box=\box42
\l__coffin_bounding_shift_dim=\dimen162
\l__coffin_left_corner_dim=\dimen163
\l__coffin_right_corner_dim=\dimen164
\l__coffin_bottom_corner_dim=\dimen165
\l__coffin_top_corner_dim=\dimen166
\l__coffin_scaled_total_height_dim=\dimen167
\l__coffin_scaled_width_dim=\dimen168
L3 Module: l3luatex 2016/08/18 v6679 L3 Experimental LuaTeX-specific functions
)
(C:\Users\Johannes\AppData\Roaming\MiKTeX\2.9\tex\latex\l3kernel\l3pdfmode.def
File: l3pdfmode.def 2016/08/18 v6679 L3 Experimental driver: PDF mode
\l__driver_color_stack_int=\count139
\l__driver_tmp_box=\box43
))
(C:\Users\Johannes\AppData\Roaming\MiKTeX\2.9\tex\latex\l3packages\xparse\xpars
e.sty
Package: xparse 2016/11/21 v6760 L3 Experimental document command parser
\l__xparse_current_arg_int=\count140
\l__xparse_m_args_int=\count141
\l__xparse_mandatory_args_int=\count142
\l__xparse_processor_int=\count143
\l__xparse_v_nesting_int=\count144
)
Package: siunitx 2016/11/24 v2.7 A comprehensive (SI) units package
 ("C:\Program Files\MiKTeX 2.9\tex\latex\tools\array.sty"
Package: array 2014/10/28 v2.4c Tabular extension package (FMi)
\col@sep=\dimen169
\extrarowheight=\dimen170
\NC@list=\toks20
\extratabsurround=\skip56
\backup@length=\skip57
)
(C:\Users\Johannes\AppData\Roaming\MiKTeX\2.9\tex\latex\l3packages\l3keys2e\l3k
eys2e.sty
Package: l3keys2e 2016/11/21 v6760 LaTeX2e option processing using LaTeX3 keys
)
\l__siunitx_tmp_box=\box44
\l__siunitx_tmp_dim=\dimen171
\l__siunitx_tmp_int=\count145
\l__siunitx_number_mantissa_length_int=\count146
\l__siunitx_number_uncert_length_int=\count147
\l__siunitx_round_int=\count148
\l__siunitx_process_decimal_int=\count149
\l__siunitx_process_uncertainty_int=\count150
\l__siunitx_process_fixed_int=\count151
\l__siunitx_process_integer_min_int=\count152
\l__siunitx_process_precision_int=\count153
\l__siunitx_group_min_int=\count154
\l__siunitx_angle_marker_box=\box45
\l__siunitx_angle_unit_box=\box46
\l__siunitx_angle_marker_dim=\dimen172
\l__siunitx_angle_unit_dim=\dimen173
\l__siunitx_unit_int=\count155
\l__siunitx_unit_denominator_int=\count156
\l__siunitx_unit_numerator_int=\count157
\l__siunitx_unit_prefix_int=\count158
\l__siunitx_unit_prefix_base_int=\count159
\l__siunitx_unit_prefix_gram_int=\count160
\l__siunitx_number_product_int=\count161
\c__siunitx_one_fill_skip=\skip58
\l__siunitx_table_unit_align_skip=\skip59
\l__siunitx_table_exponent_dim=\dimen174
\l__siunitx_table_integer_dim=\dimen175
\l__siunitx_table_mantissa_dim=\dimen176
\l__siunitx_table_marker_dim=\dimen177
\l__siunitx_table_result_dim=\dimen178
\l__siunitx_table_uncert_dim=\dimen179
\l__siunitx_table_fill_pre_dim=\dimen180
\l__siunitx_table_fill_post_dim=\dimen181
\l__siunitx_table_fill_mid_dim=\dimen182
\l__siunitx_table_pre_box=\box47
\l__siunitx_table_post_box=\box48
\l__siunitx_table_mantissa_box=\box49
\l__siunitx_table_result_box=\box50
\l__siunitx_table_number_align_skip=\skip60
\l__siunitx_table_text_align_skip=\skip61
.................................................
. LaTeX info: "xparse/define-command"
. 
. Defining command \DeclareBinaryPrefix with sig. 'mmm' on line 7249.
.................................................
.................................................
. LaTeX info: "xparse/define-command"
. 
. Defining command \DeclareSIPostPower with sig. 'mm' on line 7252.
.................................................
.................................................
. LaTeX info: "xparse/define-command"
. 
. Defining command \DeclareSIPrefix with sig. 'mmm' on line 7255.
.................................................
.................................................
. LaTeX info: "xparse/define-command"
. 
. Defining command \DeclareSIPrePower with sig. 'mm' on line 7258.
.................................................
.................................................
. LaTeX info: "xparse/define-command"
. 
. Defining command \DeclareSIQualifier with sig. 'mm' on line 7261.
.................................................
.................................................
. LaTeX info: "xparse/define-command"
. 
. Defining command \DeclareSIUnit with sig. 'O{}mm' on line 7264.
.................................................
.................................................
. LaTeX info: "xparse/define-command"
. 
. Defining command \DeclareSIUnitWithOptions with sig. 'mmm' on line 7267.
.................................................
.................................................
. LaTeX info: "xparse/define-command"
. 
. Defining command \ang with sig. 'o>{\SplitArgument {2}{;}}m' on line 7282.
.................................................
.................................................
. LaTeX info: "xparse/define-command"
. 
. Defining command \num with sig. 'om' on line 7291.
.................................................
.................................................
. LaTeX info: "xparse/define-command"
. 
. Defining command \numlist with sig. 'o>{\SplitList {;}}m' on line 7300.
.................................................
.................................................
. LaTeX info: "xparse/define-command"
. 
. Defining command \numrange with sig. 'omm' on line 7309.
.................................................
.................................................
. LaTeX info: "xparse/define-command"
. 
. Defining command \SIlist with sig. 'o>{\SplitList {;}}mm' on line 7321.
.................................................
.................................................
. LaTeX info: "xparse/define-command"
. 
. Defining command \SIrange with sig. 'ommm' on line 7333.
.................................................
.................................................
. LaTeX info: "xparse/define-command"
. 
. Defining command \SI with sig. 'omom' on line 7345.
.................................................
.................................................
. LaTeX info: "xparse/define-command"
. 
. Defining command \sisetup with sig. 'm' on line 7348.
.................................................
.................................................
. LaTeX info: "xparse/define-command"
. 
. Defining command \tablenum with sig. 'om' on line 7363.
.................................................
.................................................
. LaTeX info: "xparse/define-command"
. 
. Defining command \si with sig. 'om' on line 7375.
.................................................
.................................................
. LaTeX info: "xparse/define-command"
. 
. Defining command \__siunitx_bookmark_num:w with sig. 'om' on line 7422.
.................................................
.................................................
. LaTeX info: "xparse/define-command"
. 
. Defining command \__siunitx_bookmark_numrange:w with sig. 'omm' on line
. 7424.
.................................................
.................................................
. LaTeX info: "xparse/define-command"
. 
. Defining command \__siunitx_bookmark_SI:w with sig. 'omom' on line 7426.
.................................................
.................................................
. LaTeX info: "xparse/define-command"
. 
. Defining command \__siunitx_bookmark_SIlist:w with sig. 'omm' on line 7428.
.................................................
.................................................
. LaTeX info: "xparse/define-command"
. 
. Defining command \__siunitx_bookmark_SIrange:w with sig. 'ommm' on line
. 7430.
.................................................
.................................................
. LaTeX info: "xparse/define-command"
. 
. Defining command \__siunitx_bookmark_si:w with sig. 'om' on line 7431.
.................................................
\g__file_internal_ior=\read1

(C:\Users\Johannes\AppData\Roaming\MiKTeX\2.9\tex\latex\beamer\base\translator\
translator.sty
Package: translator 2010/06/12 ver 1.10

(C:\Users\Johannes\AppData\Roaming\MiKTeX\2.9\tex\latex\beamer\base\translator\
translator-language-mappings.tex))) (thesis.aux (front.aux) (preface.aux)
(acknowledgment.aux) (summary.aux) (intro.aux) (theory.aux) (method.aux)
(results.aux) (discussion.aux) (acronyms.aux) (appendix-b.aux))
\openout1 = `thesis.aux'.

LaTeX Font Info:    Checking defaults for OML/cmm/m/it on input line 37.
LaTeX Font Info:    ... okay on input line 37.
LaTeX Font Info:    Checking defaults for T1/cmr/m/n on input line 37.
LaTeX Font Info:    ... okay on input line 37.
LaTeX Font Info:    Checking defaults for OT1/cmr/m/n on input line 37.
LaTeX Font Info:    ... okay on input line 37.
LaTeX Font Info:    Checking defaults for OMS/cmsy/m/n on input line 37.
LaTeX Font Info:    ... okay on input line 37.
LaTeX Font Info:    Checking defaults for OMX/cmex/m/n on input line 37.
LaTeX Font Info:    ... okay on input line 37.
LaTeX Font Info:    Checking defaults for U/cmr/m/n on input line 37.
LaTeX Font Info:    ... okay on input line 37.
LaTeX Font Info:    Checking defaults for TS1/cmr/m/n on input line 37.
LaTeX Font Info:    Try loading font information for TS1+cmr on input line 37.

("C:\Program Files\MiKTeX 2.9\tex\latex\base\ts1cmr.fd"
File: ts1cmr.fd 2014/09/29 v2.5h Standard LaTeX font definitions
)
LaTeX Font Info:    ... okay on input line 37.
LaTeX Font Info:    Checking defaults for PD1/pdf/m/n on input line 37.
LaTeX Font Info:    ... okay on input line 37.

(C:\Users\Johannes\AppData\Roaming\MiKTeX\2.9\tex\context\base\supp-pdf.mkii
[Loading MPS to PDF converter (version 2006.09.02).]
\scratchcounter=\count162
\scratchdimen=\dimen183
\scratchbox=\box51
\nofMPsegments=\count163
\nofMParguments=\count164
\everyMPshowfont=\toks21
\MPscratchCnt=\count165
\MPscratchDim=\dimen184
\MPnumerator=\count166
\makeMPintoPDFobject=\count167
\everyMPtoPDFconversion=\toks22
) ("C:\Program Files\MiKTeX 2.9\tex\latex\oberdiek\epstopdf-base.sty"
Package: epstopdf-base 2016/05/15 v2.6 Base part for package epstopdf

("C:\Program Files\MiKTeX 2.9\tex\latex\oberdiek\grfext.sty"
Package: grfext 2016/05/16 v1.2 Manage graphics extensions (HO)
)
Package epstopdf-base Info: Redefining graphics rule for `.eps' on input line 4
38.
Package grfext Info: Graphics extension search list:
(grfext)             [.png,.pdf,.jpg,.mps,.jpeg,.jbig2,.jb2,.PNG,.PDF,.JPG,.JPE
G,.JBIG2,.JB2,.eps]
(grfext)             \AppendGraphicsExtensions on input line 456.
)
\AtBeginShipoutBox=\box52
Package hyperref Info: Link coloring OFF on input line 37.

("C:\Program Files\MiKTeX 2.9\tex\latex\hyperref\nameref.sty"
Package: nameref 2016/05/21 v2.44 Cross-referencing by name of section

("C:\Program Files\MiKTeX 2.9\tex\generic\oberdiek\gettitlestring.sty"
Package: gettitlestring 2016/05/16 v1.5 Cleanup title references (HO)
)
\c@section@level=\count168
)
LaTeX Info: Redefining \ref on input line 37.
LaTeX Info: Redefining \pageref on input line 37.
LaTeX Info: Redefining \nameref on input line 37.

(thesis.out) (thesis.out)
\@outlinefile=\write3
\openout3 = `thesis.out'.

Package caption Info: Begin \AtBeginDocument code.
Package caption Info: End \AtBeginDocument code.

(C:\Users\Johannes\AppData\Roaming\MiKTeX\2.9\tex\latex\beamer\base\translator\
dicts\translator-basic-dictionary\translator-basic-dictionary-English.dict
Dictionary: translator-basic-dictionary, Language: English 
)
(C:\Users\Johannes\AppData\Roaming\MiKTeX\2.9\tex\latex\siunitx\siunitx-abbrevi
ations.cfg
File: siunitx-abbreviations.cfg 2016/11/24 v2.7 siunitx: Abbreviated units
)
\c__siunitx_mathsf_int=\count169
LaTeX Font Info:    Try loading font information for U+msa on input line 37.
 ("C:\Program Files\MiKTeX 2.9\tex\latex\amsfonts\umsa.fd"
File: umsa.fd 2013/01/14 v3.01 AMS symbols A
)
LaTeX Font Info:    Try loading font information for U+msb on input line 37.

("C:\Program Files\MiKTeX 2.9\tex\latex\amsfonts\umsb.fd"
File: umsb.fd 2013/01/14 v3.01 AMS symbols B
)
\c__siunitx_mathtt_int=\count170
\openout2 = `front.aux'.

 (front.tex
Underfull \hbox (badness 10000) in paragraph at lines 8--9

 []

) [1


{C:/Users/Johannes/AppData/Local/MiKTeX/2.9/pdftex/config/pdftex.map}]
\openout2 = `preface.aux'.


(preface.tex
Underfull \hbox (badness 10000) in paragraph at lines 9--10

 []

) [1


]
\openout2 = `acknowledgment.aux'.

 (acknowledgment.tex) [2


]
\openout2 = `summary.aux'.

 (summary.tex) [3


] (thesis.toc [4


])
\tf@toc=\write4
\openout4 = `thesis.toc'.

pdfTeX warning (ext4): destination with the same identifier (name{page.1}) has 
been already used, duplicate ignored
<to be read again> 
                   \relax 
l.47 \include{intro}
                     [1]
\openout2 = `intro.aux'.

 (intro.tex
Chapter 1.

LaTeX Warning: Citation `WeiLu' on page 2 undefined on input line 7.


LaTeX Warning: Citation `nanowire-paper' on page 2 undefined on input line 7.


LaTeX Warning: Citation `Julie-pres' on page 2 undefined on input line 9.


LaTeX Warning: Citation `Baca' on page 2 undefined on input line 11.


LaTeX Warning: Citation `nanowire-paper' on page 2 undefined on input line 11.


LaTeX Warning: Reference `schottky-barrier-figure' on page 1 undefined on input
 line 11.


LaTeX Warning: Citation `Julie-pres' on page 2 undefined on input line 11.

[2


]

LaTeX Warning: Citation `hyperspy' on page 3 undefined on input line 15.

) [3]
\openout2 = `theory.aux'.

 (theory.tex
Chapter 2.

LaTeX Warning: Citation `williams-carter' on page 4 undefined on input line 7.


LaTeX Warning: Reference `STEM' on page 4 undefined on input line 10.


LaTeX Warning: Citation `williams-carter' on page 4 undefined on input line 10.


[4



]
Overfull \hbox (19.80544pt too wide) in paragraph at lines 12--12
[]\T1/cmr/bx/n/14.4 Scanning Trans-mis-sion Elec-tron Mi-croscopy (STEM) 
 []

[5] [6]

LaTeX Warning: Citation `x-ray-booklet' on page 7 undefined on input line 30.

<fig/edx-example-spectrum.png, id=258, 578.16pt x 433.62pt>
File: fig/edx-example-spectrum.png Graphic file (type png)

<use fig/edx-example-spectrum.png>
Package pdftex.def Info: fig/edx-example-spectrum.png used on input line 34.
(pdftex.def)             Requested size: 272.99881pt x 204.74759pt.
 [7]

LaTeX Warning: Citation `cliff-lorimer' on page 8 undefined on input line 45.


LaTeX Warning: Citation `williams-carter' on page 8 undefined on input line 51.


[8 <./fig/edx-example-spectrum.png>]

LaTeX Warning: Citation `zeta-method' on page 9 undefined on input line 70.


LaTeX Warning: Reference `zeta-eq' on page 9 undefined on input line 70.

[9]

LaTeX Warning: Citation `zeta-method' on page 10 undefined on input line 89.


LaTeX Warning: Reference ` eq:CL-eq' on page 1 undefined on input line 91.


LaTeX Warning: Citation `eels-bok' on page 10 undefined on input line 109.


LaTeX Warning: Citation `logratio-article' on page 10 undefined on input line 1
09.

[10]

LaTeX Warning: Reference `' on page 1 undefined on input line 121.

[11] <fig/other/ewald-sphere.png, id=308, 171.64125pt x 122.859pt>
File: fig/other/ewald-sphere.png Graphic file (type png)

<use fig/other/ewald-sphere.png>
Package pdftex.def Info: fig/other/ewald-sphere.png used on input line 160.
(pdftex.def)             Requested size: 272.99881pt x 195.42732pt.
 [12]
<fig/other/SPED-apparatus.png, id=319, 268.6035pt x 286.671pt>
File: fig/other/SPED-apparatus.png Graphic file (type png)

<use fig/other/SPED-apparatus.png>
Package pdftex.def Info: fig/other/SPED-apparatus.png used on input line 211.
(pdftex.def)             Requested size: 272.99881pt x 291.36821pt.


LaTeX Warning: Citation `sped-thesis' on page 13 undefined on input line 212.


LaTeX Warning: Citation `sped-thesis' on page 13 undefined on input line 212.

<fig/other/dyndiff1.png, id=321, 248.127pt x 243.309pt>
File: fig/other/dyndiff1.png Graphic file (type png)

<use fig/other/dyndiff1.png>
Package pdftex.def Info: fig/other/dyndiff1.png used on input line 221.
(pdftex.def)             Requested size: 175.49881pt x 172.08975pt.

<fig/other/dyndiff2.png, id=322, 261.3765pt x 247.52475pt>
File: fig/other/dyndiff2.png Graphic file (type png)

<use fig/other/dyndiff2.png>
Package pdftex.def Info: fig/other/dyndiff2.png used on input line 227.
(pdftex.def)             Requested size: 175.49881pt x 166.19574pt.


LaTeX Warning: Citation `williams-carter' on page 13 undefined on input line 23
3.


LaTeX Warning: Citation `williams-carter' on page 13 undefined on input line 23
3.


LaTeX Warning: Citation `williams-carter' on page 13 undefined on input line 23
6.


LaTeX Warning: Citation `sped-thesis' on page 13 undefined on input line 236.

[13 <./fig/other/ewald-sphere.png>] [14 <./fig/other/SPED-apparatus.png> <./fig
/other/dyndiff1.png> <./fig/other/dyndiff2.png>]
<fig/other/rebin1.png, id=341, 273.9033pt x 257.2812pt>
File: fig/other/rebin1.png Graphic file (type png)

<use fig/other/rebin1.png>
Package pdftex.def Info: fig/other/rebin1.png used on input line 256.
(pdftex.def)             Requested size: 124.80286pt x 117.22801pt.

<fig/other/rebin3.png, id=342, 274.626pt x 257.2812pt>
File: fig/other/rebin3.png Graphic file (type png)

<use fig/other/rebin3.png>
Package pdftex.def Info: fig/other/rebin3.png used on input line 262.
(pdftex.def)             Requested size: 124.80286pt x 116.91788pt.

<fig/other/rebin2.png, id=343, 273.9033pt x 257.2812pt>
File: fig/other/rebin2.png Graphic file (type png)

<use fig/other/rebin2.png>
Package pdftex.def Info: fig/other/rebin2.png used on input line 268.
(pdftex.def)             Requested size: 124.80286pt x 117.22801pt.
 [15]) [16 <./fig/other/rebin1.png> <./fig/other/rebin3.png> <./fig/other/rebin
2.png>] [17]
\openout2 = `method.aux'.

 (method.tex
Chapter 3.
[18



]

LaTeX Warning: Citation `aarholt-rotation' on page 19 undefined on input line 3
7.


LaTeX Warning: Citation `kate-binning' on page 19 undefined on input line 37.


LaTeX Warning: Citation `hyperspyUI' on page 19 undefined on input line 37.

[19] <fig/other/UnheatedA-full-spectrum2.png, id=379, 1445.4pt x 1026.234pt>
File: fig/other/UnheatedA-full-spectrum2.png Graphic file (type png)

<use fig/other/UnheatedA-full-spectrum2.png>
Package pdftex.def Info: fig/other/UnheatedA-full-spectrum2.png used on input l
ine 49.
(pdftex.def)             Requested size: 272.99881pt x 193.82771pt.


LaTeX Warning: `h' float specifier changed to `ht'.


LaTeX Warning: Citation `hyperspy' on page 20 undefined on input line 69.


LaTeX Warning: Citation `andreas' on page 20 undefined on input line 69.

[20]

LaTeX Warning: Citation `andreas' on page 21 undefined on input line 71.

[21 <./fig/other/UnheatedA-full-spectrum2.png>]

LaTeX Warning: Reference `fig:spectrum-all-peaks' on page 1 undefined on input 
line 75.

) [22]
\openout2 = `results.aux'.

 (results.tex
Chapter 4.
<fig/other/edxinsped/orig5-2.png, id=407, 263.7855pt x 319.79475pt>
File: fig/other/edxinsped/orig5-2.png Graphic file (type png)

<use fig/other/edxinsped/orig5-2.png>
Package pdftex.def Info: fig/other/edxinsped/orig5-2.png used on input line 18.

(pdftex.def)             Requested size: 97.5pt x 118.20021pt.

<fig/other/edxinsped/rot5-2.png, id=408, 260.77425pt x 316.18124pt>
File: fig/other/edxinsped/rot5-2.png Graphic file (type png)

<use fig/other/edxinsped/rot5-2.png>
Package pdftex.def Info: fig/other/edxinsped/rot5-2.png used on input line 24.
(pdftex.def)             Requested size: 97.5pt x 118.21547pt.

<fig/other/edxinsped/show/onlyScale.png, id=409, 578.16pt x 433.62pt>
File: fig/other/edxinsped/show/onlyScale.png Graphic file (type png)

<use fig/other/edxinsped/show/onlyScale.png>
Package pdftex.def Info: fig/other/edxinsped/show/onlyScale.png used on input l
ine 29.
(pdftex.def)             Requested size: 97.5pt x 73.11893pt.


LaTeX Warning: Reference ` fig:heated-images-in-overview' on page 1 undefined o
n input line 75.

[23



] <fig/nonheated-img-in-overview.png, id=417, 726.715pt x 717.882pt>
File: fig/nonheated-img-in-overview.png Graphic file (type png)

<use fig/nonheated-img-in-overview.png>
Package pdftex.def Info: fig/nonheated-img-in-overview.png used on input line 8
1.
(pdftex.def)             Requested size: 195.0pt x 192.6258pt.

<fig/nonheated-matching-values.png, id=418, 578.16pt x 433.62pt>
File: fig/nonheated-matching-values.png Graphic file (type png)

<use fig/nonheated-matching-values.png>
Package pdftex.def Info: fig/nonheated-matching-values.png used on input line 8
7.
(pdftex.def)             Requested size: 195.0pt x 146.24449pt.

<"fig/heated-images-in-overview-ink2".png, id=419, 431.211pt x 414.348pt>
File: "fig/heated-images-in-overview-ink2".png Graphic file (type png)

<use "fig/heated-images-in-overview-ink2".png>
Package pdftex.def Info: "fig/heated-images-in-overview-ink2".png used on input
 line 98.
(pdftex.def)             Requested size: 195.0pt x 187.37163pt.

<"fig/heated-matching-values".png, id=420, 578.16pt x 433.62pt>
File: "fig/heated-matching-values".png Graphic file (type png)

<use "fig/heated-matching-values".png>
Package pdftex.def Info: "fig/heated-matching-values".png used on input line 10
4.
(pdftex.def)             Requested size: 195.0pt x 146.24449pt.

Overfull \hbox (4.53845pt too wide) in paragraph at lines 112--113
[]\T1/cmr/m/n/12 The ac-cu-racy of the match-ing for the dif-fer-ent datasets a
re shown in Fig. []4.2(b)[]
 []

[24 <./fig/other/edxinsped/orig5-2.png> <./fig/other/edxinsped/rot5-2.png> <./f
ig/other/edxinsped/show/onlyScale.png>] [25 <./fig/nonheated-img-in-overview.pn
g> <./fig/nonheated-matching-values.png> <./fig/heated-images-in-overview-ink2.
png> <./fig/heated-matching-values.png>]

Package hyperref Warning: Token not allowed in a PDF string (PDFDocEncoding):
(hyperref)                removing `math shift' on input line 116.


Package hyperref Warning: Token not allowed in a PDF string (PDFDocEncoding):
(hyperref)                removing `\zeta' on input line 116.


Package hyperref Warning: Token not allowed in a PDF string (PDFDocEncoding):
(hyperref)                removing `math shift' on input line 116.

<fig/other/zeta-k-plot-new.png, id=445, 433.62pt x 289.08pt>
File: fig/other/zeta-k-plot-new.png Graphic file (type png)

<use fig/other/zeta-k-plot-new.png>
Package pdftex.def Info: fig/other/zeta-k-plot-new.png used on input line 179.
(pdftex.def)             Requested size: 272.99881pt x 182.00667pt.


LaTeX Warning: `h' float specifier changed to `ht'.

[26]
\imageheight=\skip62
 <fig/q/1_overview3.png, id=463, 461.725pt x 435.226pt>
File: fig/q/1_overview3.png Graphic file (type png)

<use fig/q/1_overview3.png>
Package pdftex.def Info: fig/q/1_overview3.png used on input line 198.
(pdftex.def)             Requested size: 132.59857pt x 124.98372pt.

<fig/q-new/oldzetas_Sa_Ga_Ka.png, id=464, 578.16pt x 433.62pt>
File: fig/q-new/oldzetas_Sa_Ga_Ka.png Graphic file (type png)

<use fig/q-new/oldzetas_Sa_Ga_Ka.png>
Package pdftex.def Info: fig/q-new/oldzetas_Sa_Ga_Ka.png used on input line 204
.
(pdftex.def)             Requested size: 175.49881pt x 131.62202pt.

<fig/q-new/oldzetas_Sa_As_Ka.png, id=465, 578.16pt x 433.62pt>
File: fig/q-new/oldzetas_Sa_As_Ka.png Graphic file (type png)

<use fig/q-new/oldzetas_Sa_As_Ka.png>
Package pdftex.def Info: fig/q-new/oldzetas_Sa_As_Ka.png used on input line 211
.
(pdftex.def)             Requested size: 175.49881pt x 131.62202pt.

<fig/q-new/oldzetas_Sa_Pd_La.png, id=466, 578.16pt x 433.62pt>
File: fig/q-new/oldzetas_Sa_Pd_La.png Graphic file (type png)

<use fig/q-new/oldzetas_Sa_Pd_La.png>
Package pdftex.def Info: fig/q-new/oldzetas_Sa_Pd_La.png used on input line 218
.
(pdftex.def)             Requested size: 175.49881pt x 131.62202pt.

<fig/q-new/oldzetas_Sa_Ge_Ka.png, id=467, 578.16pt x 433.62pt>
File: fig/q-new/oldzetas_Sa_Ge_Ka.png Graphic file (type png)

<use fig/q-new/oldzetas_Sa_Ge_Ka.png>
Package pdftex.def Info: fig/q-new/oldzetas_Sa_Ge_Ka.png used on input line 225
.
(pdftex.def)             Requested size: 175.49881pt x 131.62202pt.

Underfull \hbox (badness 10000) in paragraph at lines 195--236
[]$[]$ $[]$
 []

<fig/q/2_overview.png, id=468, 461.725pt x 435.226pt>
File: fig/q/2_overview.png Graphic file (type png)

<use fig/q/2_overview.png>
Package pdftex.def Info: fig/q/2_overview.png used on input line 242.
(pdftex.def)             Requested size: 195.0pt x 183.80974pt.

<fig/q-new/oldzetas_Sb_Pd_La.png, id=469, 578.16pt x 433.62pt>
File: fig/q-new/oldzetas_Sb_Pd_La.png Graphic file (type png)

<use fig/q-new/oldzetas_Sb_Pd_La.png>
Package pdftex.def Info: fig/q-new/oldzetas_Sb_Pd_La.png used on input line 249
.
(pdftex.def)             Requested size: 195.0pt x 146.24449pt.

<fig/q-new/oldzetas_Sb_Ge_La.png, id=470, 578.16pt x 433.62pt>
File: fig/q-new/oldzetas_Sb_Ge_La.png Graphic file (type png)

<use fig/q-new/oldzetas_Sb_Ge_La.png>
Package pdftex.def Info: fig/q-new/oldzetas_Sb_Ge_La.png used on input line 256
.
(pdftex.def)             Requested size: 195.0pt x 146.24449pt.

<fig/q-new/oldzetas_Sb_Au_Ma.png, id=471, 578.16pt x 433.62pt>
File: fig/q-new/oldzetas_Sb_Au_Ma.png Graphic file (type png)

<use fig/q-new/oldzetas_Sb_Au_Ma.png>
Package pdftex.def Info: fig/q-new/oldzetas_Sb_Au_Ma.png used on input line 263
.
(pdftex.def)             Requested size: 195.0pt x 146.24449pt.

<fig/q-new/D/oldzeta/As_zeta.png, id=472, 578.16pt x 433.62pt>
File: fig/q-new/D/oldzeta/As_zeta.png Graphic file (type png)

<use fig/q-new/D/oldzeta/As_zeta.png>
Package pdftex.def Info: fig/q-new/D/oldzeta/As_zeta.png used on input line 287
.
(pdftex.def)             Requested size: 175.49881pt x 131.62202pt.

<fig/q-new/D/oldzeta/Ga_zeta.png, id=473, 578.16pt x 433.62pt>
File: fig/q-new/D/oldzeta/Ga_zeta.png Graphic file (type png)

<use fig/q-new/D/oldzeta/Ga_zeta.png>
Package pdftex.def Info: fig/q-new/D/oldzeta/Ga_zeta.png used on input line 293
.
(pdftex.def)             Requested size: 175.49881pt x 131.62202pt.

<fig/q-new/D/oldzeta/Ge_zeta.png, id=474, 578.16pt x 433.62pt>
File: fig/q-new/D/oldzeta/Ge_zeta.png Graphic file (type png)

<use fig/q-new/D/oldzeta/Ge_zeta.png>
Package pdftex.def Info: fig/q-new/D/oldzeta/Ge_zeta.png used on input line 299
.
(pdftex.def)             Requested size: 175.49881pt x 131.62202pt.

<fig/q-new/D/oldzeta/Pd_zeta.png, id=475, 578.16pt x 433.62pt>
File: fig/q-new/D/oldzeta/Pd_zeta.png Graphic file (type png)

<use fig/q-new/D/oldzeta/Pd_zeta.png>
Package pdftex.def Info: fig/q-new/D/oldzeta/Pd_zeta.png used on input line 305
.
(pdftex.def)             Requested size: 175.49881pt x 131.62202pt.

<fig/q-new/D/oldzeta-Au/Pd_zeta.png, id=476, 578.16pt x 433.62pt>
File: fig/q-new/D/oldzeta-Au/Pd_zeta.png Graphic file (type png)

<use fig/q-new/D/oldzeta-Au/Pd_zeta.png>
Package pdftex.def Info: fig/q-new/D/oldzeta-Au/Pd_zeta.png used on input line 
311.
(pdftex.def)             Requested size: 175.49881pt x 131.62202pt.

<fig/q-new/D/oldzeta-Au/Au_zeta.png, id=477, 578.16pt x 433.62pt>
File: fig/q-new/D/oldzeta-Au/Au_zeta.png Graphic file (type png)

<use fig/q-new/D/oldzeta-Au/Au_zeta.png>
Package pdftex.def Info: fig/q-new/D/oldzeta-Au/Au_zeta.png used on input line 
316.
(pdftex.def)             Requested size: 175.49881pt x 131.62202pt.

<fig/q-new/E/oldzeta/As_zeta.png, id=478, 578.16pt x 433.62pt>
File: fig/q-new/E/oldzeta/As_zeta.png Graphic file (type png)

<use fig/q-new/E/oldzeta/As_zeta.png>
Package pdftex.def Info: fig/q-new/E/oldzeta/As_zeta.png used on input line 333
.
(pdftex.def)             Requested size: 175.49881pt x 131.62202pt.

<fig/q-new/E/oldzeta/Ga_zeta.png, id=479, 578.16pt x 433.62pt>
File: fig/q-new/E/oldzeta/Ga_zeta.png Graphic file (type png)

<use fig/q-new/E/oldzeta/Ga_zeta.png>
Package pdftex.def Info: fig/q-new/E/oldzeta/Ga_zeta.png used on input line 339
.
(pdftex.def)             Requested size: 175.49881pt x 131.62202pt.

<fig/q-new/E/oldzeta/Ge_zeta.png, id=480, 578.16pt x 433.62pt>
File: fig/q-new/E/oldzeta/Ge_zeta.png Graphic file (type png)

<use fig/q-new/E/oldzeta/Ge_zeta.png>
Package pdftex.def Info: fig/q-new/E/oldzeta/Ge_zeta.png used on input line 345
.
(pdftex.def)             Requested size: 175.49881pt x 131.62202pt.

<fig/q-new/E/oldzeta/Pd_zeta.png, id=481, 578.16pt x 433.62pt>
File: fig/q-new/E/oldzeta/Pd_zeta.png Graphic file (type png)

<use fig/q-new/E/oldzeta/Pd_zeta.png>
Package pdftex.def Info: fig/q-new/E/oldzeta/Pd_zeta.png used on input line 350
.
(pdftex.def)             Requested size: 175.49881pt x 131.62202pt.

<fig/q-new/E/oldzeta-Au/Pd_zeta.png, id=482, 578.16pt x 433.62pt>
File: fig/q-new/E/oldzeta-Au/Pd_zeta.png Graphic file (type png)

<use fig/q-new/E/oldzeta-Au/Pd_zeta.png>
Package pdftex.def Info: fig/q-new/E/oldzeta-Au/Pd_zeta.png used on input line 
356.
(pdftex.def)             Requested size: 175.49881pt x 131.62202pt.

<fig/q-new/E/oldzeta-Au/Au_zeta.png, id=483, 578.16pt x 433.62pt>
File: fig/q-new/E/oldzeta-Au/Au_zeta.png Graphic file (type png)

<use fig/q-new/E/oldzeta-Au/Au_zeta.png>
Package pdftex.def Info: fig/q-new/E/oldzeta-Au/Au_zeta.png used on input line 
361.
(pdftex.def)             Requested size: 175.49881pt x 131.62202pt.


LaTeX Warning: Reference `fig:E-overview' on page 1 undefined on input line 369
.


LaTeX Warning: Reference `fig:D-overview' on page 1 undefined on input line 369
.

[27 <./fig/other/zeta-k-plot-new.png>] [28 <./fig/q/1_overview3.png> <./fig/q-n
ew/oldzetas_Sa_Ga_Ka.png> <./fig/q-new/oldzetas_Sa_As_Ka.png> <./fig/q-new/oldz
etas_Sa_Pd_La.png> <./fig/q-new/oldzetas_Sa_Ge_Ka.png>] [29 <./fig/q/2_overview
.png> <./fig/q-new/oldzetas_Sb_Pd_La.png> <./fig/q-new/oldzetas_Sb_Ge_La.png> <
./fig/q-new/oldzetas_Sb_Au_Ma.png>] [30 <./fig/q-new/D/oldzeta/As_zeta.png> <./
fig/q-new/D/oldzeta/Ga_zeta.png> <./fig/q-new/D/oldzeta/Ge_zeta.png> <./fig/q-n
ew/D/oldzeta/Pd_zeta.png> <./fig/q-new/D/oldzeta-Au/Pd_zeta.png> <./fig/q-new/D
/oldzeta-Au/Au_zeta.png>] [31 <./fig/q-new/E/oldzeta/As_zeta.png> <./fig/q-new/
E/oldzeta/Ga_zeta.png> <./fig/q-new/E/oldzeta/Ge_zeta.png> <./fig/q-new/E/oldze
ta/Pd_zeta.png> <./fig/q-new/E/oldzeta-Au/Pd_zeta.png> <./fig/q-new/E/oldzeta-A
u/Au_zeta.png>]

LaTeX Warning: Reference `fig:E-overview' on page 1 undefined on input line 371
.


LaTeX Warning: Reference `fig:D-overview' on page 1 undefined on input line 371
.


LaTeX Warning: Reference `sec:appendix?' on page 32 undefined on input line 371
.


LaTeX Warning: Reference `BCF1' on page 1 undefined on input line 409.

[32] <fig/q/B-C-F/BCF.png, id=554, 275.429pt x 202.356pt>
File: fig/q/B-C-F/BCF.png Graphic file (type png)

<use fig/q/B-C-F/BCF.png>
Package pdftex.def Info: fig/q/B-C-F/BCF.png used on input line 414.
(pdftex.def)             Requested size: 272.99881pt x 200.58624pt.

<fig/q/B-C-F/AsGaGePd-GeKline-std.png, id=555, 433.62pt x 289.08pt>
File: fig/q/B-C-F/AsGaGePd-GeKline-std.png Graphic file (type png)

<use fig/q/B-C-F/AsGaGePd-GeKline-std.png>
Package pdftex.def Info: fig/q/B-C-F/AsGaGePd-GeKline-std.png used on input lin
e 420.
(pdftex.def)             Requested size: 272.99881pt x 182.00667pt.

<fig/q/B-C-F/AuGePd-std.png, id=556, 433.62pt x 289.08pt>
File: fig/q/B-C-F/AuGePd-std.png Graphic file (type png)

<use fig/q/B-C-F/AuGePd-std.png>
Package pdftex.def Info: fig/q/B-C-F/AuGePd-std.png used on input line 426.
(pdftex.def)             Requested size: 272.99881pt x 182.00667pt.


LaTeX Warning: Float too large for page by 86.39954pt on input line 433.


LaTeX Warning: `!h' float specifier changed to `!ht'.

) [33] [34 <./fig/q/B-C-F/BCF.png> <./fig/q/B-C-F/AsGaGePd-GeKline-std.png> <./
fig/q/B-C-F/AuGePd-std.png>]
\openout2 = `discussion.aux'.

 (discussion.tex
Chapter 5.
[35



] [36] [37]

Package hyperref Warning: Token not allowed in a PDF string (PDFDocEncoding):
(hyperref)                removing `math shift' on input line 47.


Package hyperref Warning: Token not allowed in a PDF string (PDFDocEncoding):
(hyperref)                removing `\zeta' on input line 47.


Package hyperref Warning: Token not allowed in a PDF string (PDFDocEncoding):
(hyperref)                removing `math shift' on input line 47.

[38] [39] [40]

LaTeX Warning: Citation `nanowire-theory' on page 41 undefined on input line 79
.


LaTeX Warning: Reference `fig:...' on page 1 undefined on input line 79.


LaTeX Warning: Reference `fig:DE' on page 1 undefined on input line 79.

[41] [42]) [43]
\openout2 = `acronyms.aux'.

 (acronyms.tex
Appendix A.
) [44



]
\openout2 = `appendix-b.aux'.

 (appendix-b.tex
Appendix B.
) [45



] (thesis.bbl
Overfull \hbox (88.38823pt too wide) in paragraph at lines 4--9
[]\T1/cmr/m/n/12 Thomas Aarholt.  ro-tate.  $\OMS/cmsy/m/n/12 n$\T1/cmr/m/n/12 
url{https://github.com/thomasaarholt/hyperspy/tree/rotate},
 []


Underfull \hbox (badness 10000) in paragraph at lines 29--32
[]\T1/cmr/m/n/12 Vidar Tonaas Fauske.  Hy-per-SpyUI 0.6.1.
 []

[46


]
Overfull \hbox (223.7469pt too wide) in paragraph at lines 64--69
[]\T1/cmr/m/n/12 Kate MacArthur.  lin-ear_binning.  $\OMS/cmsy/m/n/12 n$\T1/cmr
/m/n/12 url{https://github.com/k8macarthur/hyperspy/tree/Non$\OMS/cmsy/m/n/12 n
$\T1/cmr/m/n/12 _Integer$\OMS/cmsy/m/n/12 n$\T1/cmr/m/n/12 _Binning},
 []


LaTeX Warning: Command \^ invalid in math mode on input line 91.

! Please use \mathaccent for accents in math mode.
\add@accent ...@spacefactor \spacefactor }\accent 
                                                  #1 #2\egroup \spacefactor ...
l.91 ...ilde{\}}1{\{}$\backslash$times{\}}10${\^{}
                                                  }{\{}-6{\}}$
I'm changing \accent to \mathaccent here; wish me luck.
(Accents are not the same in formulas as they are in text.)

! Missing { inserted.
<to be read again> 
                   \egroup 
l.91 ...ilde{\}}1{\{}$\backslash$times{\}}10${\^{}
                                                  }{\{}-6{\}}$
A left brace was mandatory here, so I've put one in.
You might want to delete and/or insert some corrections
so that I will find a matching right brace soon.
(If you're confused by all this, try typing `I}' now.)

! You can't use `\spacefactor' in math mode.
\add@accent ...}\accent #1 #2\egroup \spacefactor 
                                                  \accent@spacefactor 
l.91 ...ilde{\}}1{\{}$\backslash$times{\}}10${\^{}
                                                  }{\{}-6{\}}$
Sorry, but I'm not programmed to handle this case;
I'll just pretend that you didn't ask for it.
If you're in the wrong mode, you might be able to
return to the right one by typing `I}' or `I$' or `I\par'.

! Missing } inserted.
<inserted text> 
                }
l.91 ...}$\backslash$times{\}}10${\^{}}{\{}-6{\}}$
                                                  
I've inserted something that you may have forgotten.
(See the <inserted text> above.)
With luck, this will get me unwedged. But if you
really didn't forget anything, try typing `2' now; then
my insertion and my current dilemma will both disappear.

Missing character: There is no  in font cmex10!

LaTeX Warning: Command \^ invalid in math mode on input line 92.

! Please use \mathaccent for accents in math mode.
\add@accent ...@spacefactor \spacefactor }\accent 
                                                  #1 #2\egroup \spacefactor ...
l.92   {\{}$\Omega${\}} cm${\^{}
                                }{\{}2{\}}$) to n-GaAs}.
I'm changing \accent to \mathaccent here; wish me luck.
(Accents are not the same in formulas as they are in text.)

! Missing { inserted.
<to be read again> 
                   \egroup 
l.92   {\{}$\Omega${\}} cm${\^{}
                                }{\{}2{\}}$) to n-GaAs}.
A left brace was mandatory here, so I've put one in.
You might want to delete and/or insert some corrections
so that I will find a matching right brace soon.
(If you're confused by all this, try typing `I}' now.)

! You can't use `\spacefactor' in math mode.
\add@accent ...}\accent #1 #2\egroup \spacefactor 
                                                  \accent@spacefactor 
l.92   {\{}$\Omega${\}} cm${\^{}
                                }{\{}2{\}}$) to n-GaAs}.
Sorry, but I'm not programmed to handle this case;
I'll just pretend that you didn't ask for it.
If you're in the wrong mode, you might be able to
return to the right one by typing `I}' or `I$' or `I\par'.

! Missing } inserted.
<inserted text> 
                }
l.92   {\{}$\Omega${\}} cm${\^{}}{\{}2{\}}$
                                           ) to n-GaAs}.
I've inserted something that you may have forgotten.
(See the <inserted text> above.)
With luck, this will get me unwedged. But if you
really didn't forget anything, try typing `2' now; then
my insertion and my current dilemma will both disappear.

Missing character: There is no  in font cmex10!

Underfull \hbox (badness 4391) in paragraph at lines 88--94
[]\T1/cmr/m/n/12 L.C. Wang, P.H. Hao, and B.J. Wu.  Low-temperature-
 []


Underfull \hbox (badness 10000) in paragraph at lines 88--94
\T1/cmr/m/n/12 processed (150-175 {$\OMS/cmsy/m/n/12 n$\T1/cmr/m/n/12 deg}C) Ge
/Pd-based Ohmic con-tacts
 []


Underfull \hbox (badness 1184) in paragraph at lines 88--94
\T1/cmr/m/n/12 ({$\OML/cmm/m/it/12 $\T1/cmr/m/n/12 }$[][]\OML/cmm/m/it/12 c[]$
\T1/cmr/m/n/12 {$\OMS/cmsy/m/n/12 n$\T1/cmr/m/n/12 tilde}1{$\OMS/cmsy/m/n/12 n$
\T1/cmr/m/n/12 times}10$[]$ {$\OT1/cmr/m/n/12 
$\T1/cmr/m/n/12 } cm$[]$) to n-GaAs.  \T1/cmr/m/it/12 Ap-
 []

)
Package atveryend Info: Empty hook `BeforeClearDocument' on input line 64.
 [47]
Package atveryend Info: Empty hook `AfterLastShipout' on input line 64.
 (thesis.aux (front.aux) (preface.aux) (acknowledgment.aux) (summary.aux) (intr
o.aux) (theory.aux) (method.aux) (results.aux) (discussion.aux)
(acronyms.aux) (appendix-b.aux))
Package atveryend Info: Executing hook `AtVeryEndDocument' on input line 64.
Package atveryend Info: Executing hook `AtEndAfterFileList' on input line 64.
Package rerunfilecheck Info: File `thesis.out' has not changed.
(rerunfilecheck)             Checksum: 91BC7F45B0F70B2C491401328E6334BD;2617.


LaTeX Warning: There were undefined references.


LaTeX Warning: Label(s) may have changed. Rerun to get cross-references right.

Package atveryend Info: Empty hook `AtVeryVeryEnd' on input line 64.
 ) 
Here is how much of TeX's memory you used:
 19561 strings out of 493333
 380536 string characters out of 3139185
 417038 words of memory out of 3000000
 22645 multiletter control sequences out of 15000+200000
 23972 words of font info for 69 fonts, out of 3000000 for 9000
 1141 hyphenation exceptions out of 8191
 42i,10n,41p,10394b,818s stack positions out of 5000i,500n,10000p,200000b,50000s
 <C:\Users\Johannes\AppData\Local\MiKTeX\2.9\fonts\pk\ljfour\jknappen\ec\dpi6
00\tcrm1200.pk> <C:\Users\Johannes\AppData\Local\MiKTeX\2.9\fonts\pk\ljfour\jkn
appen\ec\dpi600\ecti1200.pk> <C:\Users\Johannes\AppData\Local\MiKTeX\2.9\fonts\
pk\ljfour\jknappen\ec\dpi600\ecrm1095.pk> <C:\Users\Johannes\AppData\Local\MiKT
eX\2.9\fonts\pk\ljfour\jknappen\ec\dpi600\ecbx1440.pk> <C:\Users\Johannes\AppDa
ta\Local\MiKTeX\2.9\fonts\pk\ljfour\jknappen\ec\dpi600\ecbx1200.pk> <C:\Users\J
ohannes\AppData\Local\MiKTeX\2.9\fonts\pk\ljfour\jknappen\ec\dpi600\ecbx2488.pk
> <C:\Users\Johannes\AppData\Local\MiKTeX\2.9\fonts\pk\ljfour\jknappen\ec\dpi60
0\ecbx1728.pk> <C:\Users\Johannes\AppData\Local\MiKTeX\2.9\fonts\pk\ljfour\jkna
ppen\ec\dpi600\ecrm1200.pk> <C:\Users\Johannes\AppData\Local\MiKTeX\2.9\fonts\p
k\ljfour\jknappen\ec\dpi600\ecrm1440.pk> <C:\Users\Johannes\AppData\Local\MiKTe
X\2.9\fonts\pk\ljfour\jknappen\ec\dpi600\ecrm1728.pk> <C:\Users\Johannes\AppDat
a\Local\MiKTeX\2.9\fonts\pk\ljfour\jknappen\ec\dpi600\ecrm2488.pk><C:/Program F
iles/MiKTeX 2.9/fonts/type1/public/amsfonts/cm/cmex10.pfb><C:/Program Files/MiK
TeX 2.9/fonts/type1/public/amsfonts/cm/cmmi12.pfb><C:/Program Files/MiKTeX 2.9/
fonts/type1/public/amsfonts/cm/cmmi6.pfb><C:/Program Files/MiKTeX 2.9/fonts/typ
e1/public/amsfonts/cm/cmmi8.pfb><C:/Program Files/MiKTeX 2.9/fonts/type1/public
/amsfonts/cm/cmr12.pfb><C:/Program Files/MiKTeX 2.9/fonts/type1/public/amsfonts
/cm/cmr6.pfb><C:/Program Files/MiKTeX 2.9/fonts/type1/public/amsfonts/cm/cmr8.p
fb><C:/Program Files/MiKTeX 2.9/fonts/type1/public/amsfonts/cm/cmsy10.pfb><C:/P
rogram Files/MiKTeX 2.9/fonts/type1/public/amsfonts/cm/cmsy6.pfb><C:/Program Fi
les/MiKTeX 2.9/fonts/type1/public/amsfonts/cm/cmsy8.pfb>
Output written on thesis.pdf (52 pages, 9925512 bytes).
PDF statistics:
 1134 PDF objects out of 1200 (max. 8388607)
 150 named destinations out of 1000 (max. 500000)
 518 words of extra memory for PDF output out of 10000 (max. 10000000)

